2025-06-08 15:33:55.250: [INFO] VisibilityChanged: 0
2025-06-08 15:33:55.292: [INFO] RecordSyncInitDuration has_sync_been_enabled: 0 state: 0
2025-06-08 15:33:55.293: [INFO] RecordSyncInitDuration has_sync_been_enabled: 0 state: 0
2025-06-08 15:33:55.294: [INFO] RecordSyncInitDuration has_sync_been_enabled: 0 state: 0
2025-06-08 15:33:55.296: [INFO] RecordSyncInitDuration has_sync_been_enabled: 0 state: 0
2025-06-08 15:33:55.297: [INFO] RecordSyncInitDuration has_sync_been_enabled: 0 state: 0
2025-06-08 15:33:55.298: [INFO] RecordSyncInitDuration has_sync_been_enabled: 0 state: 0
2025-06-08 15:33:55.299: [INFO] RecordSyncInitDuration has_sync_been_enabled: 0 state: 0
2025-06-08 15:33:55.300: [INFO] RecordSyncInitDuration has_sync_been_enabled: 0 state: 0
2025-06-08 15:33:55.301: [INFO] RecordSyncInitDuration has_sync_been_enabled: 0 state: 0
2025-06-08 15:33:55.302: [INFO] RecordSyncInitDuration has_sync_been_enabled: 0 state: 0
2025-06-08 15:33:55.303: [INFO] RecordSyncInitDuration has_sync_been_enabled: 0 state: 0
2025-06-08 15:33:55.322: [INFO] BookmarkNodeAdded, ABU: 0
2025-06-08 15:33:55.323: [INFO] BookmarkNodeAdded, ABU: 0
2025-06-08 15:33:55.323: [INFO] BookmarkNodeAdded, ABU: 0
2025-06-08 15:33:55.323: [INFO] BookmarkNodeAdded, ABU: 0
2025-06-08 15:33:55.323: [INFO] BookmarkModelLoaded, ids_reassigned: 0
2025-06-08 15:33:55.323: [INFO] OnDoneLoading sync enabled: 0
2025-06-08 15:33:55.350: [INFO] RecordSyncInitDuration has_sync_been_enabled: 0 state: 0
2025-06-08 15:33:55.841: [INFO] RecordSyncInitDuration has_sync_been_enabled: 0 state: 3
2025-06-08 15:33:55.847: [INFO] Primary account changed.
2025-06-08 15:33:55.847: [INFO] OnPrimaryAccountChanged PrimaryAccountChangeEvent::Type::kSet
2025-06-08 15:33:55.851: [INFO] RecordSyncInitDuration has_sync_been_enabled: 0 state: 3
2025-06-08 15:33:56.004: [INFO] RecordSyncInitDuration has_sync_been_enabled: 0 state: 3
2025-06-08 15:33:58.253: [INFO] VisibilityChanged: 1
2025-06-08 15:33:59.724: [INFO] BookmarkNodeAdded, ABU: 0
2025-06-08 15:33:59.724: [INFO] BookmarkNodeAdded, ABU: 0
2025-06-08 15:33:59.724: [INFO] BookmarkNodeAdded, ABU: 0
2025-06-08 15:33:59.725: [INFO] BookmarkNodeAdded, ABU: 0
2025-06-08 15:33:59.725: [INFO] BookmarkNodeAdded, ABU: 0
2025-06-08 15:33:59.725: [INFO] BookmarkNodeAdded, ABU: 0
2025-06-08 15:33:59.725: [INFO] BookmarkNodeAdded, ABU: 0
2025-06-08 15:33:59.725: [INFO] BookmarkNodeAdded, ABU: 0
2025-06-08 15:33:59.725: [INFO] BookmarkNodeAdded, ABU: 0
2025-06-08 15:33:59.725: [INFO] BookmarkNodeAdded, ABU: 0
2025-06-08 15:33:59.725: [INFO] BookmarkNodeAdded, ABU: 0
2025-06-08 15:33:59.726: [INFO] BookmarkNodeAdded, ABU: 0
2025-06-08 15:33:59.726: [INFO] BookmarkNodeAdded, ABU: 0
2025-06-08 15:33:59.726: [INFO] BookmarkNodeAdded, ABU: 0
2025-06-08 15:33:59.726: [INFO] BookmarkNodeAdded, ABU: 0
2025-06-08 15:33:59.726: [INFO] BookmarkNodeAdded, ABU: 0
2025-06-08 15:33:59.726: [INFO] BookmarkNodeAdded, ABU: 0
2025-06-08 15:33:59.727: [INFO] BookmarkNodeAdded, ABU: 0
2025-06-08 15:33:59.727: [INFO] BookmarkNodeAdded, ABU: 0
2025-06-08 15:33:59.727: [INFO] BookmarkNodeAdded, ABU: 0
2025-06-08 15:33:59.727: [INFO] BookmarkNodeAdded, ABU: 0
2025-06-08 15:33:59.727: [INFO] BookmarkNodeAdded, ABU: 0
2025-06-08 15:33:59.727: [INFO] BookmarkNodeAdded, ABU: 0
2025-06-08 15:33:59.728: [INFO] BookmarkNodeAdded, ABU: 0
2025-06-08 15:33:59.728: [INFO] BookmarkNodeAdded, ABU: 0
2025-06-08 15:33:59.728: [INFO] BookmarkNodeAdded, ABU: 0
2025-06-08 15:33:59.728: [INFO] BookmarkNodeAdded, ABU: 0
2025-06-08 15:33:59.728: [INFO] BookmarkNodeAdded, ABU: 0
2025-06-08 15:33:59.728: [INFO] BookmarkNodeAdded, ABU: 0
2025-06-08 15:33:59.729: [INFO] BookmarkNodeAdded, ABU: 0
2025-06-08 15:33:59.729: [INFO] BookmarkNodeAdded, ABU: 0
2025-06-08 15:33:59.729: [INFO] BookmarkNodeAdded, ABU: 0
2025-06-08 15:33:59.729: [INFO] BookmarkNodeAdded, ABU: 0
2025-06-08 15:33:59.729: [INFO] BookmarkNodeAdded, ABU: 0
2025-06-08 15:33:59.729: [INFO] BookmarkNodeAdded, ABU: 0
2025-06-08 15:33:59.729: [INFO] BookmarkNodeAdded, ABU: 0
2025-06-08 15:33:59.729: [INFO] BookmarkNodeAdded, ABU: 0
2025-06-08 15:33:59.730: [INFO] BookmarkNodeAdded, ABU: 0
2025-06-08 15:33:59.730: [INFO] BookmarkNodeAdded, ABU: 0
2025-06-08 15:33:59.730: [INFO] BookmarkNodeAdded, ABU: 0
2025-06-08 15:33:59.730: [INFO] BookmarkNodeAdded, ABU: 0
2025-06-08 15:33:59.730: [INFO] BookmarkNodeAdded, ABU: 0
2025-06-08 15:33:59.730: [INFO] BookmarkNodeAdded, ABU: 0
2025-06-08 15:33:59.730: [INFO] BookmarkNodeAdded, ABU: 0
2025-06-08 15:33:59.730: [INFO] BookmarkNodeAdded, ABU: 0
2025-06-08 15:33:59.730: [INFO] BookmarkNodeAdded, ABU: 0
2025-06-08 15:33:59.731: [INFO] BookmarkNodeAdded, ABU: 0
2025-06-08 15:33:59.732: [INFO] BookmarkNodeAdded, ABU: 0
2025-06-08 15:33:59.733: [INFO] BookmarkNodeAdded, ABU: 0
2025-06-08 15:33:59.734: [INFO] BookmarkNodeAdded, ABU: 0
2025-06-08 15:33:59.735: [INFO] BookmarkNodeAdded, ABU: 0
2025-06-08 15:33:59.737: [INFO] BookmarkNodeAdded, ABU: 0
2025-06-08 15:33:59.738: [INFO] BookmarkNodeAdded, ABU: 0
2025-06-08 15:33:59.739: [INFO] BookmarkNodeAdded, ABU: 0
2025-06-08 15:33:59.740: [INFO] BookmarkNodeAdded, ABU: 0
2025-06-08 15:33:59.741: [INFO] BookmarkNodeAdded, ABU: 0
2025-06-08 15:33:59.741: [INFO] BookmarkNodeAdded, ABU: 0
2025-06-08 15:33:59.742: [INFO] BookmarkNodeAdded, ABU: 0
2025-06-08 15:33:59.743: [INFO] BookmarkNodeAdded, ABU: 0
2025-06-08 15:33:59.744: [INFO] BookmarkNodeAdded, ABU: 0
2025-06-08 15:33:59.744: [INFO] BookmarkNodeAdded, ABU: 0
2025-06-08 15:33:59.745: [INFO] BookmarkNodeAdded, ABU: 0
2025-06-08 15:33:59.746: [INFO] BookmarkNodeAdded, ABU: 0
2025-06-08 15:33:59.748: [INFO] BookmarkNodeAdded, ABU: 0
2025-06-08 15:33:59.749: [INFO] BookmarkNodeAdded, ABU: 0
2025-06-08 15:33:59.749: [INFO] BookmarkNodeAdded, ABU: 0
2025-06-08 15:33:59.750: [INFO] BookmarkNodeAdded, ABU: 0
2025-06-08 15:33:59.752: [INFO] BookmarkNodeAdded, ABU: 0
2025-06-08 15:33:59.753: [INFO] BookmarkNodeAdded, ABU: 0
2025-06-08 15:33:59.755: [INFO] BookmarkNodeAdded, ABU: 0
2025-06-08 15:33:59.756: [INFO] BookmarkNodeAdded, ABU: 0
2025-06-08 15:33:59.757: [INFO] BookmarkNodeAdded, ABU: 0
2025-06-08 15:33:59.758: [INFO] BookmarkNodeAdded, ABU: 0
2025-06-08 15:33:59.759: [INFO] BookmarkNodeAdded, ABU: 0
2025-06-08 15:33:59.760: [INFO] BookmarkNodeAdded, ABU: 0
2025-06-08 15:33:59.761: [INFO] BookmarkNodeAdded, ABU: 0
2025-06-08 15:33:59.762: [INFO] BookmarkNodeAdded, ABU: 0
2025-06-08 15:33:59.763: [INFO] BookmarkNodeAdded, ABU: 0
2025-06-08 15:33:59.765: [INFO] BookmarkNodeAdded, ABU: 0
2025-06-08 15:33:59.766: [INFO] BookmarkNodeAdded, ABU: 0
2025-06-08 15:33:59.769: [INFO] BookmarkNodeAdded, ABU: 0
2025-06-08 15:33:59.772: [INFO] BookmarkNodeAdded, ABU: 0
2025-06-08 15:33:59.774: [INFO] BookmarkNodeAdded, ABU: 0
2025-06-08 15:33:59.775: [INFO] BookmarkNodeAdded, ABU: 0
2025-06-08 15:33:59.777: [INFO] BookmarkNodeAdded, ABU: 0
2025-06-08 15:33:59.778: [INFO] BookmarkNodeAdded, ABU: 0
2025-06-08 15:33:59.779: [INFO] BookmarkNodeAdded, ABU: 0
2025-06-08 15:33:59.780: [INFO] BookmarkNodeAdded, ABU: 0
2025-06-08 15:33:59.783: [INFO] BookmarkNodeAdded, ABU: 0
2025-06-08 15:33:59.784: [INFO] BookmarkNodeAdded, ABU: 0
2025-06-08 15:33:59.785: [INFO] BookmarkNodeAdded, ABU: 0
2025-06-08 15:33:59.788: [INFO] BookmarkNodeAdded, ABU: 0
2025-06-08 15:33:59.789: [INFO] BookmarkNodeAdded, ABU: 0
2025-06-08 15:33:59.791: [INFO] BookmarkNodeAdded, ABU: 0
2025-06-08 15:33:59.793: [INFO] BookmarkNodeAdded, ABU: 0
2025-06-08 15:33:59.796: [INFO] BookmarkNodeAdded, ABU: 0
2025-06-08 15:33:59.798: [INFO] BookmarkNodeAdded, ABU: 0
2025-06-08 15:33:59.800: [INFO] BookmarkNodeAdded, ABU: 0
2025-06-08 15:33:59.801: [INFO] BookmarkNodeAdded, ABU: 0
2025-06-08 15:33:59.803: [INFO] BookmarkNodeAdded, ABU: 0
2025-06-08 15:33:59.804: [INFO] BookmarkNodeAdded, ABU: 0
2025-06-08 15:33:59.806: [INFO] BookmarkNodeAdded, ABU: 0
2025-06-08 15:33:59.808: [INFO] BookmarkNodeAdded, ABU: 0
2025-06-08 15:33:59.810: [INFO] BookmarkNodeAdded, ABU: 0
2025-06-08 15:33:59.812: [INFO] BookmarkNodeAdded, ABU: 0
2025-06-08 15:33:59.813: [INFO] BookmarkNodeAdded, ABU: 0
2025-06-08 15:33:59.814: [INFO] BookmarkNodeAdded, ABU: 0
2025-06-08 15:33:59.815: [INFO] BookmarkNodeAdded, ABU: 0
2025-06-08 15:33:59.817: [INFO] BookmarkNodeAdded, ABU: 0
2025-06-08 15:33:59.820: [INFO] BookmarkNodeAdded, ABU: 0
2025-06-08 15:33:59.822: [INFO] BookmarkNodeAdded, ABU: 0
2025-06-08 15:33:59.824: [INFO] BookmarkNodeAdded, ABU: 0
2025-06-08 15:33:59.827: [INFO] BookmarkNodeAdded, ABU: 0
2025-06-08 15:33:59.829: [INFO] BookmarkNodeAdded, ABU: 0
2025-06-08 15:33:59.831: [INFO] BookmarkNodeAdded, ABU: 0
2025-06-08 15:33:59.833: [INFO] BookmarkNodeAdded, ABU: 0
2025-06-08 15:33:59.835: [INFO] BookmarkNodeAdded, ABU: 0
2025-06-08 15:33:59.838: [INFO] BookmarkNodeAdded, ABU: 0
2025-06-08 15:33:59.840: [INFO] BookmarkNodeAdded, ABU: 0
2025-06-08 15:33:59.842: [INFO] BookmarkNodeAdded, ABU: 0
2025-06-08 15:33:59.844: [INFO] BookmarkNodeAdded, ABU: 0
2025-06-08 15:33:59.846: [INFO] BookmarkNodeAdded, ABU: 0
2025-06-08 15:33:59.847: [INFO] BookmarkNodeAdded, ABU: 0
2025-06-08 15:33:59.849: [INFO] BookmarkNodeAdded, ABU: 0
2025-06-08 15:33:59.852: [INFO] BookmarkNodeAdded, ABU: 0
2025-06-08 15:33:59.854: [INFO] BookmarkNodeAdded, ABU: 0
2025-06-08 15:33:59.856: [INFO] BookmarkNodeAdded, ABU: 0
2025-06-08 15:33:59.859: [INFO] BookmarkNodeAdded, ABU: 0
2025-06-08 15:33:59.861: [INFO] BookmarkNodeAdded, ABU: 0
2025-06-08 15:33:59.863: [INFO] BookmarkNodeAdded, ABU: 0
2025-06-08 15:33:59.864: [INFO] BookmarkNodeAdded, ABU: 0
2025-06-08 15:33:59.867: [INFO] BookmarkNodeAdded, ABU: 0
2025-06-08 15:33:59.869: [INFO] BookmarkNodeAdded, ABU: 0
2025-06-08 15:33:59.871: [INFO] BookmarkNodeAdded, ABU: 0
2025-06-08 15:33:59.872: [INFO] BookmarkNodeAdded, ABU: 0
2025-06-08 15:33:59.873: [INFO] BookmarkNodeAdded, ABU: 0
2025-06-08 15:33:59.875: [INFO] BookmarkNodeAdded, ABU: 0
2025-06-08 15:33:59.877: [INFO] BookmarkNodeAdded, ABU: 0
2025-06-08 15:33:59.878: [INFO] BookmarkNodeAdded, ABU: 0
2025-06-08 15:33:59.879: [INFO] BookmarkNodeAdded, ABU: 0
2025-06-08 15:33:59.881: [INFO] BookmarkNodeAdded, ABU: 0
2025-06-08 15:33:59.882: [INFO] BookmarkNodeAdded, ABU: 0
2025-06-08 15:33:59.883: [INFO] BookmarkNodeAdded, ABU: 0
2025-06-08 15:33:59.885: [INFO] BookmarkNodeAdded, ABU: 0
2025-06-08 15:33:59.887: [INFO] BookmarkNodeAdded, ABU: 0
2025-06-08 15:33:59.888: [INFO] BookmarkNodeAdded, ABU: 0
2025-06-08 15:33:59.890: [INFO] BookmarkNodeAdded, ABU: 0
2025-06-08 15:33:59.891: [INFO] BookmarkNodeAdded, ABU: 0
2025-06-08 15:33:59.892: [INFO] BookmarkNodeAdded, ABU: 0
2025-06-08 15:33:59.893: [INFO] BookmarkNodeAdded, ABU: 0
2025-06-08 15:33:59.894: [INFO] BookmarkNodeAdded, ABU: 0
2025-06-08 15:33:59.896: [INFO] BookmarkNodeAdded, ABU: 0
2025-06-08 15:33:59.897: [INFO] BookmarkNodeAdded, ABU: 0
2025-06-08 15:33:59.898: [INFO] BookmarkNodeAdded, ABU: 0
2025-06-08 15:33:59.900: [INFO] BookmarkNodeAdded, ABU: 0
2025-06-08 15:33:59.902: [INFO] BookmarkNodeAdded, ABU: 0
2025-06-08 15:33:59.903: [INFO] BookmarkNodeAdded, ABU: 0
2025-06-08 15:33:59.905: [INFO] BookmarkNodeAdded, ABU: 0
2025-06-08 15:33:59.907: [INFO] BookmarkNodeAdded, ABU: 0
2025-06-08 15:33:59.909: [INFO] BookmarkNodeAdded, ABU: 0
2025-06-08 15:33:59.910: [INFO] BookmarkNodeAdded, ABU: 0
2025-06-08 15:33:59.911: [INFO] BookmarkNodeAdded, ABU: 0
2025-06-08 15:33:59.914: [INFO] BookmarkNodeAdded, ABU: 0
2025-06-08 15:33:59.916: [INFO] BookmarkNodeAdded, ABU: 0
2025-06-08 15:33:59.918: [INFO] BookmarkNodeAdded, ABU: 0
2025-06-08 15:33:59.920: [INFO] BookmarkNodeAdded, ABU: 0
2025-06-08 15:33:59.921: [INFO] BookmarkNodeAdded, ABU: 0
2025-06-08 15:33:59.923: [INFO] BookmarkNodeAdded, ABU: 0
2025-06-08 15:33:59.924: [INFO] BookmarkNodeAdded, ABU: 0
2025-06-08 15:33:59.926: [INFO] BookmarkNodeAdded, ABU: 0
2025-06-08 15:33:59.931: [INFO] BookmarkNodeAdded, ABU: 0
2025-06-08 15:33:59.934: [INFO] BookmarkNodeAdded, ABU: 0
2025-06-08 15:33:59.937: [INFO] BookmarkNodeAdded, ABU: 0
2025-06-08 15:33:59.938: [INFO] BookmarkNodeAdded, ABU: 0
2025-06-08 15:33:59.940: [INFO] BookmarkNodeAdded, ABU: 0
2025-06-08 15:33:59.943: [INFO] BookmarkNodeAdded, ABU: 0
2025-06-08 15:33:59.946: [INFO] BookmarkNodeAdded, ABU: 0
2025-06-08 15:33:59.949: [INFO] BookmarkNodeAdded, ABU: 0
2025-06-08 15:33:59.954: [INFO] BookmarkNodeAdded, ABU: 0
2025-06-08 15:33:59.957: [INFO] BookmarkNodeAdded, ABU: 0
2025-06-08 15:33:59.959: [INFO] BookmarkNodeAdded, ABU: 0
2025-06-08 15:33:59.961: [INFO] BookmarkNodeAdded, ABU: 0
2025-06-08 15:33:59.963: [INFO] BookmarkNodeAdded, ABU: 0
2025-06-08 15:33:59.965: [INFO] BookmarkNodeAdded, ABU: 0
2025-06-08 15:33:59.967: [INFO] BookmarkNodeAdded, ABU: 0
2025-06-08 15:33:59.969: [INFO] BookmarkNodeAdded, ABU: 0
2025-06-08 15:33:59.971: [INFO] BookmarkNodeAdded, ABU: 0
2025-06-08 15:33:59.973: [INFO] BookmarkNodeAdded, ABU: 0
2025-06-08 15:33:59.974: [INFO] BookmarkNodeAdded, ABU: 0
2025-06-08 15:33:59.976: [INFO] BookmarkNodeAdded, ABU: 0
2025-06-08 15:33:59.978: [INFO] BookmarkNodeAdded, ABU: 0
2025-06-08 15:33:59.978: [INFO] BookmarkNodeAdded, ABU: 0
2025-06-08 15:33:59.978: [INFO] BookmarkNodeAdded, ABU: 0
2025-06-08 15:33:59.979: [INFO] BookmarkNodeAdded, ABU: 0
2025-06-08 15:33:59.979: [INFO] BookmarkNodeAdded, ABU: 0
2025-06-08 15:33:59.979: [INFO] BookmarkNodeAdded, ABU: 0
2025-06-08 15:33:59.979: [INFO] BookmarkNodeAdded, ABU: 0
2025-06-08 15:33:59.979: [INFO] BookmarkNodeAdded, ABU: 0
2025-06-08 15:33:59.979: [INFO] BookmarkNodeAdded, ABU: 0
2025-06-08 15:33:59.979: [INFO] BookmarkNodeAdded, ABU: 0
2025-06-08 15:33:59.979: [INFO] BookmarkNodeAdded, ABU: 0
2025-06-08 15:33:59.979: [INFO] BookmarkNodeAdded, ABU: 0
2025-06-08 15:33:59.979: [INFO] BookmarkNodeAdded, ABU: 0
2025-06-08 15:33:59.980: [INFO] BookmarkNodeAdded, ABU: 0
2025-06-08 15:33:59.980: [INFO] BookmarkNodeAdded, ABU: 0
2025-06-08 15:33:59.980: [INFO] BookmarkNodeAdded, ABU: 0
2025-06-08 15:33:59.980: [INFO] BookmarkNodeAdded, ABU: 0
2025-06-08 15:33:59.980: [INFO] BookmarkNodeAdded, ABU: 0
2025-06-08 15:33:59.980: [INFO] BookmarkNodeAdded, ABU: 0
2025-06-08 15:33:59.980: [INFO] BookmarkNodeAdded, ABU: 0
2025-06-08 15:33:59.980: [INFO] BookmarkNodeAdded, ABU: 0
2025-06-08 15:33:59.980: [INFO] BookmarkNodeAdded, ABU: 0
2025-06-08 15:33:59.980: [INFO] BookmarkNodeAdded, ABU: 0
2025-06-08 15:33:59.981: [INFO] BookmarkNodeAdded, ABU: 0
2025-06-08 15:33:59.981: [INFO] BookmarkNodeAdded, ABU: 0
2025-06-08 15:33:59.981: [INFO] BookmarkNodeAdded, ABU: 0
2025-06-08 15:33:59.981: [INFO] BookmarkNodeAdded, ABU: 0
2025-06-08 15:33:59.981: [INFO] BookmarkNodeAdded, ABU: 0
2025-06-08 15:33:59.981: [INFO] BookmarkNodeAdded, ABU: 0
2025-06-08 15:33:59.981: [INFO] BookmarkNodeAdded, ABU: 0
2025-06-08 15:33:59.981: [INFO] BookmarkNodeAdded, ABU: 0
2025-06-08 15:33:59.981: [INFO] BookmarkNodeAdded, ABU: 0
2025-06-08 15:33:59.982: [INFO] BookmarkNodeAdded, ABU: 0
2025-06-08 15:33:59.982: [INFO] BookmarkNodeAdded, ABU: 0
2025-06-08 15:33:59.982: [INFO] BookmarkNodeAdded, ABU: 0
2025-06-08 15:33:59.982: [INFO] BookmarkNodeAdded, ABU: 0
2025-06-08 15:33:59.982: [INFO] BookmarkNodeAdded, ABU: 0
2025-06-08 15:33:59.982: [INFO] BookmarkNodeAdded, ABU: 0
2025-06-08 15:33:59.982: [INFO] BookmarkNodeAdded, ABU: 0
2025-06-08 15:33:59.982: [INFO] BookmarkNodeAdded, ABU: 0
2025-06-08 15:33:59.982: [INFO] BookmarkNodeAdded, ABU: 0
2025-06-08 15:33:59.982: [INFO] BookmarkNodeAdded, ABU: 0
2025-06-08 15:33:59.983: [INFO] BookmarkNodeAdded, ABU: 0
2025-06-08 15:33:59.983: [INFO] BookmarkNodeAdded, ABU: 0
2025-06-08 15:33:59.983: [INFO] BookmarkNodeAdded, ABU: 0
2025-06-08 15:33:59.983: [INFO] BookmarkNodeAdded, ABU: 0
2025-06-08 15:33:59.983: [INFO] BookmarkNodeAdded, ABU: 0
2025-06-08 15:33:59.983: [INFO] BookmarkNodeAdded, ABU: 0
2025-06-08 15:33:59.984: [INFO] BookmarkNodeAdded, ABU: 0
2025-06-08 15:33:59.984: [INFO] BookmarkNodeAdded, ABU: 0
2025-06-08 15:33:59.984: [INFO] BookmarkNodeAdded, ABU: 0
2025-06-08 15:33:59.984: [INFO] BookmarkNodeAdded, ABU: 0
2025-06-08 15:33:59.984: [INFO] BookmarkNodeAdded, ABU: 0
2025-06-08 15:33:59.984: [INFO] BookmarkNodeAdded, ABU: 0
2025-06-08 15:33:59.985: [INFO] BookmarkNodeAdded, ABU: 0
2025-06-08 15:33:59.985: [INFO] BookmarkNodeAdded, ABU: 0
2025-06-08 15:33:59.985: [INFO] BookmarkNodeAdded, ABU: 0
2025-06-08 15:33:59.985: [INFO] BookmarkNodeAdded, ABU: 0
2025-06-08 15:33:59.985: [INFO] BookmarkNodeAdded, ABU: 0
2025-06-08 15:33:59.985: [INFO] BookmarkNodeAdded, ABU: 0
2025-06-08 15:33:59.985: [INFO] BookmarkNodeAdded, ABU: 0
2025-06-08 15:33:59.986: [INFO] BookmarkNodeAdded, ABU: 0
2025-06-08 15:33:59.986: [INFO] BookmarkNodeAdded, ABU: 0
2025-06-08 15:33:59.986: [INFO] BookmarkNodeAdded, ABU: 0
2025-06-08 15:33:59.986: [INFO] BookmarkNodeAdded, ABU: 0
2025-06-08 15:33:59.986: [INFO] BookmarkNodeAdded, ABU: 0
2025-06-08 15:33:59.986: [INFO] BookmarkNodeAdded, ABU: 0
2025-06-08 15:33:59.986: [INFO] BookmarkNodeAdded, ABU: 0
2025-06-08 15:33:59.986: [INFO] BookmarkNodeAdded, ABU: 0
2025-06-08 15:33:59.987: [INFO] BookmarkNodeAdded, ABU: 0
2025-06-08 15:33:59.987: [INFO] BookmarkNodeAdded, ABU: 0
2025-06-08 15:33:59.987: [INFO] BookmarkNodeAdded, ABU: 0
2025-06-08 15:33:59.987: [INFO] BookmarkNodeAdded, ABU: 0
2025-06-08 15:33:59.987: [INFO] BookmarkNodeAdded, ABU: 0
2025-06-08 15:33:59.987: [INFO] BookmarkNodeAdded, ABU: 0
2025-06-08 15:33:59.987: [INFO] BookmarkNodeAdded, ABU: 0
2025-06-08 15:33:59.987: [INFO] BookmarkNodeAdded, ABU: 0
2025-06-08 15:33:59.988: [INFO] BookmarkNodeAdded, ABU: 0
2025-06-08 15:33:59.988: [INFO] BookmarkNodeAdded, ABU: 0
2025-06-08 15:33:59.988: [INFO] BookmarkNodeAdded, ABU: 0
2025-06-08 15:33:59.988: [INFO] BookmarkNodeAdded, ABU: 0
2025-06-08 15:33:59.988: [INFO] BookmarkNodeAdded, ABU: 0
2025-06-08 15:33:59.988: [INFO] BookmarkNodeAdded, ABU: 0
2025-06-08 15:33:59.988: [INFO] BookmarkNodeAdded, ABU: 0
2025-06-08 15:33:59.988: [INFO] BookmarkNodeAdded, ABU: 0
2025-06-08 15:33:59.988: [INFO] BookmarkNodeAdded, ABU: 0
2025-06-08 15:33:59.989: [INFO] BookmarkNodeAdded, ABU: 0
2025-06-08 15:33:59.989: [INFO] BookmarkNodeAdded, ABU: 0
2025-06-08 15:33:59.989: [INFO] BookmarkNodeAdded, ABU: 0
2025-06-08 15:33:59.989: [INFO] BookmarkNodeAdded, ABU: 0
2025-06-08 15:33:59.989: [INFO] BookmarkNodeAdded, ABU: 0
2025-06-08 15:33:59.989: [INFO] BookmarkNodeAdded, ABU: 0
2025-06-08 15:33:59.990: [INFO] BookmarkNodeAdded, ABU: 0
2025-06-08 15:33:59.990: [INFO] BookmarkNodeAdded, ABU: 0
2025-06-08 15:33:59.990: [INFO] BookmarkNodeAdded, ABU: 0
2025-06-08 15:33:59.990: [INFO] BookmarkNodeAdded, ABU: 0
2025-06-08 15:33:59.990: [INFO] BookmarkNodeAdded, ABU: 0
2025-06-08 15:33:59.990: [INFO] BookmarkNodeAdded, ABU: 0
2025-06-08 15:33:59.990: [INFO] BookmarkNodeAdded, ABU: 0
2025-06-08 15:33:59.990: [INFO] BookmarkNodeAdded, ABU: 0
2025-06-08 15:33:59.991: [INFO] BookmarkNodeAdded, ABU: 0
2025-06-08 15:33:59.991: [INFO] BookmarkNodeAdded, ABU: 0
2025-06-08 15:33:59.991: [INFO] BookmarkNodeAdded, ABU: 0
2025-06-08 15:33:59.991: [INFO] BookmarkNodeAdded, ABU: 0
2025-06-08 15:33:59.991: [INFO] BookmarkNodeAdded, ABU: 0
2025-06-08 15:33:59.991: [INFO] BookmarkNodeAdded, ABU: 0
2025-06-08 15:33:59.992: [INFO] BookmarkNodeAdded, ABU: 0
2025-06-08 15:33:59.992: [INFO] BookmarkNodeAdded, ABU: 0
2025-06-08 15:33:59.992: [INFO] BookmarkNodeAdded, ABU: 0
2025-06-08 15:33:59.992: [INFO] BookmarkNodeAdded, ABU: 0
2025-06-08 15:33:59.992: [INFO] BookmarkNodeAdded, ABU: 0
2025-06-08 15:33:59.992: [INFO] BookmarkNodeAdded, ABU: 0
2025-06-08 15:33:59.993: [INFO] BookmarkNodeAdded, ABU: 0
2025-06-08 15:33:59.993: [INFO] BookmarkNodeAdded, ABU: 0
2025-06-08 15:33:59.993: [INFO] BookmarkNodeAdded, ABU: 0
2025-06-08 15:33:59.993: [INFO] BookmarkNodeAdded, ABU: 0
2025-06-08 15:33:59.993: [INFO] BookmarkNodeAdded, ABU: 0
2025-06-08 15:33:59.993: [INFO] BookmarkNodeAdded, ABU: 0
2025-06-08 15:33:59.993: [INFO] BookmarkNodeAdded, ABU: 0
2025-06-08 15:33:59.993: [INFO] BookmarkNodeAdded, ABU: 0
2025-06-08 15:33:59.994: [INFO] BookmarkNodeAdded, ABU: 0
2025-06-08 15:33:59.994: [INFO] BookmarkNodeAdded, ABU: 0
2025-06-08 15:33:59.994: [INFO] BookmarkNodeAdded, ABU: 0
2025-06-08 15:33:59.994: [INFO] BookmarkNodeAdded, ABU: 0
2025-06-08 15:33:59.994: [INFO] BookmarkNodeAdded, ABU: 0
2025-06-08 15:33:59.994: [INFO] BookmarkNodeAdded, ABU: 0
2025-06-08 15:33:59.994: [INFO] BookmarkNodeAdded, ABU: 0
2025-06-08 15:33:59.994: [INFO] BookmarkNodeAdded, ABU: 0
2025-06-08 15:33:59.995: [INFO] BookmarkNodeAdded, ABU: 0
2025-06-08 15:33:59.995: [INFO] BookmarkNodeAdded, ABU: 0
2025-06-08 15:33:59.995: [INFO] BookmarkNodeAdded, ABU: 0
2025-06-08 15:33:59.995: [INFO] BookmarkNodeAdded, ABU: 0
2025-06-08 15:33:59.995: [INFO] BookmarkNodeAdded, ABU: 0
2025-06-08 15:33:59.995: [INFO] BookmarkNodeAdded, ABU: 0
2025-06-08 15:33:59.995: [INFO] BookmarkNodeAdded, ABU: 0
2025-06-08 15:33:59.996: [INFO] BookmarkNodeAdded, ABU: 0
2025-06-08 15:33:59.996: [INFO] BookmarkNodeAdded, ABU: 0
2025-06-08 15:33:59.996: [INFO] BookmarkNodeAdded, ABU: 0
2025-06-08 15:33:59.996: [INFO] BookmarkNodeAdded, ABU: 0
2025-06-08 15:33:59.996: [INFO] BookmarkNodeAdded, ABU: 0
2025-06-08 15:33:59.996: [INFO] BookmarkNodeAdded, ABU: 0
2025-06-08 15:33:59.996: [INFO] BookmarkNodeAdded, ABU: 0
2025-06-08 15:33:59.996: [INFO] BookmarkNodeAdded, ABU: 0
2025-06-08 15:33:59.997: [INFO] BookmarkNodeAdded, ABU: 0
2025-06-08 15:33:59.997: [INFO] BookmarkNodeAdded, ABU: 0
2025-06-08 15:33:59.997: [INFO] BookmarkNodeAdded, ABU: 0
2025-06-08 15:33:59.997: [INFO] BookmarkNodeAdded, ABU: 0
2025-06-08 15:33:59.997: [INFO] BookmarkNodeAdded, ABU: 0
2025-06-08 15:33:59.997: [INFO] BookmarkNodeAdded, ABU: 0
2025-06-08 15:33:59.997: [INFO] BookmarkNodeAdded, ABU: 0
2025-06-08 15:33:59.997: [INFO] BookmarkNodeAdded, ABU: 0
2025-06-08 15:33:59.997: [INFO] BookmarkNodeAdded, ABU: 0
2025-06-08 15:33:59.997: [INFO] BookmarkNodeAdded, ABU: 0
2025-06-08 15:33:59.998: [INFO] BookmarkNodeAdded, ABU: 0
2025-06-08 15:33:59.998: [INFO] BookmarkNodeAdded, ABU: 0
2025-06-08 15:33:59.998: [INFO] BookmarkNodeAdded, ABU: 0
2025-06-08 15:33:59.998: [INFO] BookmarkNodeAdded, ABU: 0
2025-06-08 15:33:59.998: [INFO] BookmarkNodeAdded, ABU: 0
2025-06-08 15:33:59.998: [INFO] BookmarkNodeAdded, ABU: 0
2025-06-08 15:33:59.998: [INFO] BookmarkNodeAdded, ABU: 0
2025-06-08 15:33:59.998: [INFO] BookmarkNodeAdded, ABU: 0
2025-06-08 15:33:59.998: [INFO] BookmarkNodeAdded, ABU: 0
2025-06-08 15:33:59.998: [INFO] BookmarkNodeAdded, ABU: 0
2025-06-08 15:33:59.999: [INFO] BookmarkNodeAdded, ABU: 0
2025-06-08 15:33:59.999: [INFO] BookmarkNodeAdded, ABU: 0
2025-06-08 15:33:59.999: [INFO] BookmarkNodeAdded, ABU: 0
2025-06-08 15:33:59.999: [INFO] BookmarkNodeAdded, ABU: 0
2025-06-08 15:33:59.999: [INFO] BookmarkNodeAdded, ABU: 0
2025-06-08 15:33:59.999: [INFO] BookmarkNodeAdded, ABU: 0
2025-06-08 15:33:59.999: [INFO] BookmarkNodeAdded, ABU: 0
2025-06-08 15:33:59.999: [INFO] BookmarkNodeAdded, ABU: 0
2025-06-08 15:33:59.999: [INFO] BookmarkNodeAdded, ABU: 0
2025-06-08 15:33:59.999: [INFO] BookmarkNodeAdded, ABU: 0
2025-06-08 15:33:59.999: [INFO] BookmarkNodeAdded, ABU: 0
2025-06-08 15:34:00.000: [INFO] BookmarkNodeAdded, ABU: 0
2025-06-08 15:34:00.000: [INFO] BookmarkNodeAdded, ABU: 0
2025-06-08 15:34:00.000: [INFO] BookmarkNodeAdded, ABU: 0
2025-06-08 15:34:00.000: [INFO] BookmarkNodeAdded, ABU: 0
2025-06-08 15:34:00.000: [INFO] BookmarkNodeAdded, ABU: 0
2025-06-08 15:34:00.000: [INFO] BookmarkNodeAdded, ABU: 0
2025-06-08 15:34:00.000: [INFO] BookmarkNodeAdded, ABU: 0
2025-06-08 15:34:00.000: [INFO] BookmarkNodeAdded, ABU: 0
2025-06-08 15:34:00.000: [INFO] BookmarkNodeAdded, ABU: 0
2025-06-08 15:34:00.001: [INFO] BookmarkNodeAdded, ABU: 0
2025-06-08 15:34:00.001: [INFO] BookmarkNodeAdded, ABU: 0
2025-06-08 15:34:00.001: [INFO] BookmarkNodeAdded, ABU: 0
2025-06-08 15:34:00.001: [INFO] BookmarkNodeAdded, ABU: 0
2025-06-08 15:34:00.002: [INFO] BookmarkNodeAdded, ABU: 0
2025-06-08 15:34:00.002: [INFO] BookmarkNodeAdded, ABU: 0
2025-06-08 15:34:00.002: [INFO] BookmarkNodeAdded, ABU: 0
2025-06-08 15:34:00.002: [INFO] BookmarkNodeAdded, ABU: 0
2025-06-08 15:34:00.002: [INFO] BookmarkNodeAdded, ABU: 0
2025-06-08 15:34:00.002: [INFO] BookmarkNodeAdded, ABU: 0
2025-06-08 15:34:00.003: [INFO] BookmarkNodeAdded, ABU: 0
2025-06-08 15:34:00.003: [INFO] BookmarkNodeAdded, ABU: 0
2025-06-08 15:34:00.003: [INFO] BookmarkNodeAdded, ABU: 0
2025-06-08 15:34:00.003: [INFO] BookmarkNodeAdded, ABU: 0
2025-06-08 15:34:00.003: [INFO] BookmarkNodeAdded, ABU: 0
2025-06-08 15:34:00.003: [INFO] BookmarkNodeAdded, ABU: 0
2025-06-08 15:34:00.004: [INFO] BookmarkNodeAdded, ABU: 0
2025-06-08 15:34:00.004: [INFO] BookmarkNodeAdded, ABU: 0
2025-06-08 15:34:00.004: [INFO] BookmarkNodeAdded, ABU: 0
2025-06-08 15:34:00.004: [INFO] BookmarkNodeAdded, ABU: 0
2025-06-08 15:34:00.004: [INFO] BookmarkNodeAdded, ABU: 0
2025-06-08 15:34:00.005: [INFO] BookmarkNodeAdded, ABU: 0
2025-06-08 15:34:00.005: [INFO] BookmarkNodeAdded, ABU: 0
2025-06-08 15:34:00.005: [INFO] BookmarkNodeAdded, ABU: 0
2025-06-08 15:34:00.005: [INFO] BookmarkNodeAdded, ABU: 0
2025-06-08 15:34:00.005: [INFO] BookmarkNodeAdded, ABU: 0
2025-06-08 15:34:00.006: [INFO] BookmarkNodeAdded, ABU: 0
2025-06-08 15:34:00.006: [INFO] BookmarkNodeAdded, ABU: 0
2025-06-08 15:34:00.006: [INFO] BookmarkNodeAdded, ABU: 0
2025-06-08 15:34:00.006: [INFO] BookmarkNodeAdded, ABU: 0
2025-06-08 15:34:00.006: [INFO] BookmarkNodeAdded, ABU: 0
2025-06-08 15:34:00.006: [INFO] BookmarkNodeAdded, ABU: 0
2025-06-08 15:34:00.007: [INFO] BookmarkNodeAdded, ABU: 0
2025-06-08 15:34:00.007: [INFO] BookmarkNodeAdded, ABU: 0
2025-06-08 15:34:00.007: [INFO] BookmarkNodeAdded, ABU: 0
2025-06-08 15:34:00.007: [INFO] BookmarkNodeAdded, ABU: 0
2025-06-08 15:34:00.008: [INFO] BookmarkNodeAdded, ABU: 0
2025-06-08 15:34:00.008: [INFO] BookmarkNodeAdded, ABU: 0
2025-06-08 15:34:00.008: [INFO] BookmarkNodeAdded, ABU: 0
2025-06-08 15:34:00.008: [INFO] BookmarkNodeAdded, ABU: 0
2025-06-08 15:34:00.009: [INFO] BookmarkNodeAdded, ABU: 0
2025-06-08 15:34:00.009: [INFO] BookmarkNodeAdded, ABU: 0
2025-06-08 15:34:00.009: [INFO] BookmarkNodeAdded, ABU: 0
2025-06-08 15:34:00.009: [INFO] BookmarkNodeAdded, ABU: 0
2025-06-08 15:34:00.009: [INFO] BookmarkNodeAdded, ABU: 0
2025-06-08 15:34:00.009: [INFO] BookmarkNodeAdded, ABU: 0
2025-06-08 15:34:00.009: [INFO] BookmarkNodeAdded, ABU: 0
2025-06-08 15:34:00.010: [INFO] BookmarkNodeAdded, ABU: 0
2025-06-08 15:34:00.010: [INFO] BookmarkNodeAdded, ABU: 0
2025-06-08 15:34:00.010: [INFO] BookmarkNodeAdded, ABU: 0
2025-06-08 15:34:00.010: [INFO] BookmarkNodeAdded, ABU: 0
2025-06-08 15:34:00.010: [INFO] BookmarkNodeAdded, ABU: 0
2025-06-08 15:34:00.010: [INFO] BookmarkNodeAdded, ABU: 0
2025-06-08 15:34:00.011: [INFO] BookmarkNodeAdded, ABU: 0
2025-06-08 15:34:10.309: [INFO] Sync initialization duration: 14090ms
2025-06-08 15:34:12.585: [INFO] VisibilityChanged: 0
