{"logTime": "0608/153356", "correlationVector":"WiEOW6VEycc7+5uDhg6Qww.1","action":"SyncServerConnectionManagerRequest", "result":"SYNC_SERVER_OK", "context":{"environment":"Prod_southeastasia_prod-s01-064-apac-southeastasia", "migrationStage":"NotStarted", "server":"akswtt008000005"}}
{"logTime": "0608/153356", "correlationVector":"WiEOW6VEycc7+5uDhg6Qww.2","action":"ProcessGetUpdates", "result":"Done", "context":{"dataType":"Encryption Keys", "deleted":"0", "process_failed_to_decrypt":"0", "process_pending_decryption":"0", "process_success":"1", "total":"1"}}
{"logTime": "0608/153357", "correlationVector":"DR9oDeqzeOnD9t1eFu+Kn7","action":"SyncServerConnectionManagerRequest", "result":"SYNC_SERVER_OK", "context":{"environment":"", "migrationStage":"", "server":""}}
{"logTime": "0608/153357", "correlationVector":"DR9oDeqzeOnD9t1eFu+Kn7.0","action":"EncryptionKeysFetcher.DownloadKeys:", "result":"Success", "context":Key count: 8, Last key timestamp: 2025-03-21T11:02:04Z}
{"logTime": "0608/153357", "correlationVector":"DR9oDeqzeOnD9t1eFu+Kn7.1","action":"EncryptionKeysManager::SetEncryptionKeys:", "result":"Success", "context":Key names[8]:[fQuNefPcZ0bc+dI+fpOwZDTSizbN/q+3pexgCVrFDXCRFX+Wukv7zcjBsFQyZcBI3T7LvkJawfr+zv5kNL1WiQ==][pMKiuLU4TrSoon4c1elSqlvxRmMv04S0mDLZ6O6yw9gnb/U3S5JRkDDpXigjrC54fLMCQ8DyZynhbHDg/NkXtA==][fZjOExcaGOhjr7nrmmfoR4IzrDBs9CwkeYN5DV3LQiDgfJ9dCdwdWPbkdSs6bh2eFX5zpkYnSzIHuok+1Tk1pA==][7W+8UXFmhh/IMjdyRQuLnVxk+LmJyYFGcpJfwSRNufRlZ9P5KHZjo4ZLlSngLLqbBV6m+kzUWba1FhmqYrImkQ==][yffhicNJWqxpFYDykdKQwxx1sU6gAjLGbhdgM4+QiWisZJNcVCaT3yWjoaXuqQmlkvNwgMNiUs7TcSGWhXS8Jg==][FWiAR/TFmLWZPfD4+LeA3DOzL1ug5893XLt7+A0AnKPccTobPH083FBJLn4k5nnx25pZzVb4jmyp3XSMwFqQUQ==][so9Xt2br0cbhFD/6FtK//7dvtRsa2zYV+NR1bkD7jt/HyOjrrKQDWh3fTyDxCVPglK0zfBQ5qdpmzWe/8DQ3YQ==][Kzl+cDojNj2+QT/XGRcMrK+L4R8N9m+pQfD/lpHKrOOyfeNfiiAwSjncVUDlIG+oWu+P7te+0Bwcfr4KQuQqBQ==]}
{"logTime": "0608/153357", "correlationVector":"DR9oDeqzeOnD9t1eFu+Kn7.2","action":"EncryptionKeysManager::SetEncryptionKeysWithTimestamps:", "result":"Success", "context":Key timestamps[8]:[2021-08-22T08:20:13Z][2022-02-18T15:11:06Z][2022-08-18T11:25:57Z][2023-02-14T13:55:50Z][2023-09-22T02:17:37Z][2024-03-21T04:00:01Z][2024-09-19T03:56:53Z][2025-03-21T11:02:04Z]}
{"logTime": "0608/153357", "correlationVector":"WiEOW6VEycc7+5uDhg6Qww","action":"Initial GetUpdates", "result":"", "context":Reason: NEW_CLIENT. cV=WiEOW6VEycc7+5uDhg6Qww}
{"logTime": "0608/153357", "correlationVector":"WiEOW6VEycc7+5uDhg6Qww.3","action":"GetUpdates Response", "result":"Success", "context":Received 1 update(s). cV=WiEOW6VEycc7+5uDhg6Qww.0;server=akswtt008000005;cloudType=Consumer;environment=Prod_southeastasia_prod-s01-064-apac-southeastasia;migrationStage=NotStarted}
{"logTime": "0608/153357", "correlationVector":"re+qCmf90lm83RJ9pg2YdO","action":"Initial GetUpdates", "result":"", "context":Reason: NEWLY_SUPPORTED_DATATYPE. cV=re+qCmf90lm83RJ9pg2YdO}
{"logTime": "0608/153358", "correlationVector":"re+qCmf90lm83RJ9pg2YdO.1","action":"SyncServerConnectionManagerRequest", "result":"SYNC_SERVER_OK", "context":{"environment":"Prod_southeastasia_prod-s01-064-apac-southeastasia", "migrationStage":"NotStarted", "server":"akswtt008000026"}}
{"logTime": "0608/153358", "correlationVector":"re+qCmf90lm83RJ9pg2YdO.2","action":"ProcessGetUpdates", "result":"Done", "context":{"dataType":"Preferences", "deleted":"12", "process_failed_to_decrypt":"0", "process_pending_decryption":"0", "process_success":"121", "total":"121"}}
{"logTime": "0608/153358", "correlationVector":"re+qCmf90lm83RJ9pg2YdO.3","action":"ProcessGetUpdates", "result":"Done", "context":{"dataType":"Passwords", "deleted":"1", "process_failed_to_decrypt":"0", "process_pending_decryption":"0", "process_success":"36", "total":"36"}}
{"logTime": "0608/153358", "correlationVector":"re+qCmf90lm83RJ9pg2YdO.4","action":"ProcessGetUpdates", "result":"Done", "context":{"dataType":"Device Info", "deleted":"0", "process_failed_to_decrypt":"0", "process_pending_decryption":"0", "process_success":"10", "total":"10"}}
{"logTime": "0608/153358", "correlationVector":"re+qCmf90lm83RJ9pg2YdO.5","action":"GetUpdates Response", "result":"Success", "context":Received 167 update(s). cV=re+qCmf90lm83RJ9pg2YdO.0;server=akswtt008000026;cloudType=Consumer;environment=Prod_southeastasia_prod-s01-064-apac-southeastasia;migrationStage=NotStarted}
{"logTime": "0608/153358", "correlationVector":"eYj3HcXEBfwaKDTTB02K8M","action":"Initial GetUpdates", "result":"", "context":Reason: NEWLY_SUPPORTED_DATATYPE. cV=eYj3HcXEBfwaKDTTB02K8M}
{"logTime": "0608/153359", "correlationVector":"eYj3HcXEBfwaKDTTB02K8M.1","action":"SyncServerConnectionManagerRequest", "result":"SYNC_SERVER_OK", "context":{"environment":"Prod_southeastasia_prod-s01-064-apac-southeastasia", "migrationStage":"NotStarted", "server":"akswtt00800003w"}}
{"logTime": "0608/153359", "correlationVector":"eYj3HcXEBfwaKDTTB02K8M.2","action":"ProcessGetUpdates", "result":"Done", "context":{"dataType":"Bookmarks", "deleted":"0", "process_failed_to_decrypt":"0", "process_pending_decryption":"0", "process_success":"250", "total":"250"}}
{"logTime": "0608/153359", "correlationVector":"eYj3HcXEBfwaKDTTB02K8M.3","action":"GetUpdates Response", "result":"Success", "context":Received 250 update(s). cV=eYj3HcXEBfwaKDTTB02K8M.0;server=akswtt00800003w;cloudType=Consumer;environment=Prod_southeastasia_prod-s01-064-apac-southeastasia;migrationStage=NotStarted Some updates remain.}
{"logTime": "0608/153359", "correlationVector":"FlIIX5A/sGlDlXEw5Sf4gM","action":"Initial GetUpdates", "result":"", "context":Reason: NEWLY_SUPPORTED_DATATYPE. cV=FlIIX5A/sGlDlXEw5Sf4gM}
{"logTime": "0608/153359", "correlationVector":"FlIIX5A/sGlDlXEw5Sf4gM.1","action":"SyncServerConnectionManagerRequest", "result":"SYNC_SERVER_OK", "context":{"environment":"Prod_southeastasia_prod-s01-064-apac-southeastasia", "migrationStage":"NotStarted", "server":"akswtt00800000q"}}
{"logTime": "0608/153359", "correlationVector":"FlIIX5A/sGlDlXEw5Sf4gM.2","action":"ProcessGetUpdates", "result":"Done", "context":{"dataType":"Bookmarks", "deleted":"5", "process_failed_to_decrypt":"0", "process_pending_decryption":"0", "process_success":"187", "total":"187"}}
{"logTime": "0608/153359", "correlationVector":"FlIIX5A/sGlDlXEw5Sf4gM.3","action":"GetUpdates Response", "result":"Success", "context":Received 187 update(s). cV=FlIIX5A/sGlDlXEw5Sf4gM.0;server=akswtt00800000q;cloudType=Consumer;environment=Prod_southeastasia_prod-s01-064-apac-southeastasia;migrationStage=NotStarted}
{"logTime": "0608/153400", "correlationVector":"ALNmmEA7LP1tlsTXkQFGGA","action":"Initial GetUpdates", "result":"", "context":Reason: NEWLY_SUPPORTED_DATATYPE. cV=ALNmmEA7LP1tlsTXkQFGGA}
{"logTime": "0608/153402", "correlationVector":"ALNmmEA7LP1tlsTXkQFGGA.1","action":"SyncServerConnectionManagerRequest", "result":"SYNC_SERVER_OK", "context":{"environment":"Prod_southeastasia_prod-s01-064-apac-southeastasia", "migrationStage":"NotStarted", "server":"akswtt00800000l"}}
{"logTime": "0608/153402", "correlationVector":"ALNmmEA7LP1tlsTXkQFGGA.2","action":"ProcessGetUpdates", "result":"Done", "context":{"dataType":"Autofill", "deleted":"0", "process_failed_to_decrypt":"0", "process_pending_decryption":"0", "process_success":"1", "total":"1"}}
{"logTime": "0608/153402", "correlationVector":"ALNmmEA7LP1tlsTXkQFGGA.3","action":"ProcessGetUpdates", "result":"Done", "context":{"dataType":"Collection", "deleted":"0", "process_failed_to_decrypt":"0", "process_pending_decryption":"0", "process_success":"249", "total":"249"}}
{"logTime": "0608/153402", "correlationVector":"ALNmmEA7LP1tlsTXkQFGGA.4","action":"GetUpdates Response", "result":"Success", "context":Received 250 update(s). cV=ALNmmEA7LP1tlsTXkQFGGA.0;server=akswtt00800000l;cloudType=Consumer;environment=Prod_southeastasia_prod-s01-064-apac-southeastasia;migrationStage=NotStarted Some updates remain.}
{"logTime": "0608/153402", "correlationVector":"uQIw5N2WjArV474KcipxQW","action":"Initial GetUpdates", "result":"", "context":Reason: NEWLY_SUPPORTED_DATATYPE. cV=uQIw5N2WjArV474KcipxQW}
{"logTime": "0608/153404", "correlationVector":"uQIw5N2WjArV474KcipxQW.1","action":"SyncServerConnectionManagerRequest", "result":"SYNC_SERVER_OK", "context":{"environment":"Prod_southeastasia_prod-s01-064-apac-southeastasia", "migrationStage":"NotStarted", "server":"akswtt00800001c"}}
{"logTime": "0608/153404", "correlationVector":"uQIw5N2WjArV474KcipxQW.2","action":"ProcessGetUpdates", "result":"Done", "context":{"dataType":"Collection", "deleted":"0", "process_failed_to_decrypt":"0", "process_pending_decryption":"0", "process_success":"250", "total":"250"}}
{"logTime": "0608/153404", "correlationVector":"uQIw5N2WjArV474KcipxQW.3","action":"GetUpdates Response", "result":"Success", "context":Received 250 update(s). cV=uQIw5N2WjArV474KcipxQW.0;server=akswtt00800001c;cloudType=Consumer;environment=Prod_southeastasia_prod-s01-064-apac-southeastasia;migrationStage=NotStarted Some updates remain.}
{"logTime": "0608/153404", "correlationVector":"NcVSG7kLN43H/O25WW+y62","action":"Initial GetUpdates", "result":"", "context":Reason: NEWLY_SUPPORTED_DATATYPE. cV=NcVSG7kLN43H/O25WW+y62}
{"logTime": "0608/153406", "correlationVector":"NcVSG7kLN43H/O25WW+y62.1","action":"SyncServerConnectionManagerRequest", "result":"SYNC_SERVER_OK", "context":{"environment":"Prod_southeastasia_prod-s01-064-apac-southeastasia", "migrationStage":"NotStarted", "server":"akswtt00800000q"}}
{"logTime": "0608/153406", "correlationVector":"NcVSG7kLN43H/O25WW+y62.2","action":"ProcessGetUpdates", "result":"Done", "context":{"dataType":"Collection", "deleted":"0", "process_failed_to_decrypt":"0", "process_pending_decryption":"0", "process_success":"250", "total":"250"}}
{"logTime": "0608/153406", "correlationVector":"NcVSG7kLN43H/O25WW+y62.3","action":"GetUpdates Response", "result":"Success", "context":Received 250 update(s). cV=NcVSG7kLN43H/O25WW+y62.0;server=akswtt00800000q;cloudType=Consumer;environment=Prod_southeastasia_prod-s01-064-apac-southeastasia;migrationStage=NotStarted Some updates remain.}
{"logTime": "0608/153406", "correlationVector":"RKGx6otNe9FChX1yykrOoq","action":"Initial GetUpdates", "result":"", "context":Reason: NEWLY_SUPPORTED_DATATYPE. cV=RKGx6otNe9FChX1yykrOoq}
{"logTime": "0608/153407", "correlationVector":"RKGx6otNe9FChX1yykrOoq.1","action":"SyncServerConnectionManagerRequest", "result":"SYNC_SERVER_OK", "context":{"environment":"Prod_southeastasia_prod-s01-064-apac-southeastasia", "migrationStage":"NotStarted", "server":"akswtt00800002t"}}
{"logTime": "0608/153407", "correlationVector":"RKGx6otNe9FChX1yykrOoq.2","action":"ProcessGetUpdates", "result":"Done", "context":{"dataType":"Autofill", "deleted":"0", "process_failed_to_decrypt":"0", "process_pending_decryption":"0", "process_success":"59", "total":"59"}}
{"logTime": "0608/153407", "correlationVector":"RKGx6otNe9FChX1yykrOoq.3","action":"ProcessGetUpdates", "result":"Done", "context":{"dataType":"Extension settings", "deleted":"0", "process_failed_to_decrypt":"0", "process_pending_decryption":"0", "process_success":"3", "total":"3"}}
{"logTime": "0608/153407", "correlationVector":"RKGx6otNe9FChX1yykrOoq.4","action":"ProcessGetUpdates", "result":"Done", "context":{"dataType":"Collection", "deleted":"0", "process_failed_to_decrypt":"0", "process_pending_decryption":"0", "process_success":"188", "total":"188"}}
{"logTime": "0608/153407", "correlationVector":"RKGx6otNe9FChX1yykrOoq.5","action":"GetUpdates Response", "result":"Success", "context":Received 250 update(s). cV=RKGx6otNe9FChX1yykrOoq.0;server=akswtt00800002t;cloudType=Consumer;environment=Prod_southeastasia_prod-s01-064-apac-southeastasia;migrationStage=NotStarted Some updates remain.}
{"logTime": "0608/153407", "correlationVector":"8WIEebRGZ5zsJnEo0PMkDa","action":"Initial GetUpdates", "result":"", "context":Reason: NEWLY_SUPPORTED_DATATYPE. cV=8WIEebRGZ5zsJnEo0PMkDa}
{"logTime": "0608/153408", "correlationVector":"8WIEebRGZ5zsJnEo0PMkDa.1","action":"SyncServerConnectionManagerRequest", "result":"SYNC_SERVER_OK", "context":{"environment":"Prod_southeastasia_prod-s01-064-apac-southeastasia", "migrationStage":"NotStarted", "server":"akswtt00800000l"}}
{"logTime": "0608/153408", "correlationVector":"8WIEebRGZ5zsJnEo0PMkDa.2","action":"ProcessGetUpdates", "result":"Done", "context":{"dataType":"Autofill", "deleted":"0", "process_failed_to_decrypt":"0", "process_pending_decryption":"0", "process_success":"250", "total":"250"}}
{"logTime": "0608/153408", "correlationVector":"8WIEebRGZ5zsJnEo0PMkDa.3","action":"GetUpdates Response", "result":"Success", "context":Received 250 update(s). cV=8WIEebRGZ5zsJnEo0PMkDa.0;server=akswtt00800000l;cloudType=Consumer;environment=Prod_southeastasia_prod-s01-064-apac-southeastasia;migrationStage=NotStarted Some updates remain.}
{"logTime": "0608/153408", "correlationVector":"cLlEKg+P6YE+TBCwEfN6k4","action":"Initial GetUpdates", "result":"", "context":Reason: NEWLY_SUPPORTED_DATATYPE. cV=cLlEKg+P6YE+TBCwEfN6k4}
{"logTime": "0608/153408", "correlationVector":"cLlEKg+P6YE+TBCwEfN6k4.1","action":"SyncServerConnectionManagerRequest", "result":"SYNC_SERVER_OK", "context":{"environment":"Prod_southeastasia_prod-s01-064-apac-southeastasia", "migrationStage":"NotStarted", "server":"akswtt00800001r"}}
{"logTime": "0608/153408", "correlationVector":"cLlEKg+P6YE+TBCwEfN6k4.2","action":"ProcessGetUpdates", "result":"Done", "context":{"dataType":"Autofill Profiles", "deleted":"0", "process_failed_to_decrypt":"0", "process_pending_decryption":"0", "process_success":"3", "total":"3"}}
{"logTime": "0608/153408", "correlationVector":"cLlEKg+P6YE+TBCwEfN6k4.3","action":"ProcessGetUpdates", "result":"Done", "context":{"dataType":"Autofill", "deleted":"0", "process_failed_to_decrypt":"0", "process_pending_decryption":"0", "process_success":"189", "total":"189"}}
{"logTime": "0608/153408", "correlationVector":"cLlEKg+P6YE+TBCwEfN6k4.4","action":"ProcessGetUpdates", "result":"Done", "context":{"dataType":"Extensions", "deleted":"0", "process_failed_to_decrypt":"0", "process_pending_decryption":"0", "process_success":"4", "total":"4"}}
{"logTime": "0608/153408", "correlationVector":"cLlEKg+P6YE+TBCwEfN6k4.5","action":"ProcessGetUpdates", "result":"Done", "context":{"dataType":"Sessions", "deleted":"9", "process_failed_to_decrypt":"0", "process_pending_decryption":"0", "process_success":"9", "total":"9"}}
{"logTime": "0608/153408", "correlationVector":"cLlEKg+P6YE+TBCwEfN6k4.6","action":"ProcessGetUpdates", "result":"Done", "context":{"dataType":"Collection", "deleted":"0", "process_failed_to_decrypt":"0", "process_pending_decryption":"0", "process_success":"8", "total":"8"}}
{"logTime": "0608/153408", "correlationVector":"cLlEKg+P6YE+TBCwEfN6k4.7","action":"ProcessGetUpdates", "result":"Done", "context":{"dataType":"Edge Hub App Usage", "deleted":"25", "process_failed_to_decrypt":"0", "process_pending_decryption":"0", "process_success":"37", "total":"37"}}
{"logTime": "0608/153408", "correlationVector":"cLlEKg+P6YE+TBCwEfN6k4.8","action":"GetUpdates Response", "result":"Success", "context":Received 250 update(s). cV=cLlEKg+P6YE+TBCwEfN6k4.0;server=akswtt00800001r;cloudType=Consumer;environment=Prod_southeastasia_prod-s01-064-apac-southeastasia;migrationStage=NotStarted Some updates remain.}
{"logTime": "0608/153408", "correlationVector":"y23WVFyz3xkLFPGeIxh5aj","action":"Initial GetUpdates", "result":"", "context":Reason: NEWLY_SUPPORTED_DATATYPE. cV=y23WVFyz3xkLFPGeIxh5aj}
{"logTime": "0608/153409", "correlationVector":"y23WVFyz3xkLFPGeIxh5aj.1","action":"SyncServerConnectionManagerRequest", "result":"SYNC_SERVER_OK", "context":{"environment":"Prod_southeastasia_prod-s01-064-apac-southeastasia", "migrationStage":"NotStarted", "server":"akswtt00800002b"}}
{"logTime": "0608/153409", "correlationVector":"y23WVFyz3xkLFPGeIxh5aj.2","action":"ProcessGetUpdates", "result":"Done", "context":{"dataType":"Autofill Profiles", "deleted":"0", "process_failed_to_decrypt":"0", "process_pending_decryption":"0", "process_success":"4", "total":"4"}}
{"logTime": "0608/153409", "correlationVector":"y23WVFyz3xkLFPGeIxh5aj.3","action":"ProcessGetUpdates", "result":"Done", "context":{"dataType":"Autofill", "deleted":"0", "process_failed_to_decrypt":"0", "process_pending_decryption":"0", "process_success":"142", "total":"142"}}
{"logTime": "0608/153409", "correlationVector":"y23WVFyz3xkLFPGeIxh5aj.4","action":"ProcessGetUpdates", "result":"Done", "context":{"dataType":"Sessions", "deleted":"58", "process_failed_to_decrypt":"0", "process_pending_decryption":"0", "process_success":"58", "total":"58"}}
{"logTime": "0608/153409", "correlationVector":"y23WVFyz3xkLFPGeIxh5aj.5","action":"ProcessGetUpdates", "result":"Done", "context":{"dataType":"Edge Hub App Usage", "deleted":"30", "process_failed_to_decrypt":"0", "process_pending_decryption":"0", "process_success":"46", "total":"46"}}
{"logTime": "0608/153409", "correlationVector":"y23WVFyz3xkLFPGeIxh5aj.6","action":"GetUpdates Response", "result":"Success", "context":Received 250 update(s). cV=y23WVFyz3xkLFPGeIxh5aj.0;server=akswtt00800002b;cloudType=Consumer;environment=Prod_southeastasia_prod-s01-064-apac-southeastasia;migrationStage=NotStarted Some updates remain.}
{"logTime": "0608/153409", "correlationVector":"5xLDBDh+S1jPuEf7ac7XgJ","action":"Initial GetUpdates", "result":"", "context":Reason: NEWLY_SUPPORTED_DATATYPE. cV=5xLDBDh+S1jPuEf7ac7XgJ}
{"logTime": "0608/153409", "correlationVector":"5xLDBDh+S1jPuEf7ac7XgJ.1","action":"SyncServerConnectionManagerRequest", "result":"SYNC_SERVER_OK", "context":{"environment":"Prod_southeastasia_prod-s01-064-apac-southeastasia", "migrationStage":"NotStarted", "server":"akswtt00800001b"}}
{"logTime": "0608/153409", "correlationVector":"5xLDBDh+S1jPuEf7ac7XgJ.2","action":"ProcessGetUpdates", "result":"Done", "context":{"dataType":"Autofill Profiles", "deleted":"2", "process_failed_to_decrypt":"0", "process_pending_decryption":"0", "process_success":"2", "total":"2"}}
{"logTime": "0608/153409", "correlationVector":"5xLDBDh+S1jPuEf7ac7XgJ.3","action":"ProcessGetUpdates", "result":"Done", "context":{"dataType":"Autofill", "deleted":"0", "process_failed_to_decrypt":"0", "process_pending_decryption":"0", "process_success":"11", "total":"11"}}
{"logTime": "0608/153409", "correlationVector":"5xLDBDh+S1jPuEf7ac7XgJ.4","action":"ProcessGetUpdates", "result":"Done", "context":{"dataType":"Extensions", "deleted":"0", "process_failed_to_decrypt":"0", "process_pending_decryption":"0", "process_success":"1", "total":"1"}}
{"logTime": "0608/153409", "correlationVector":"5xLDBDh+S1jPuEf7ac7XgJ.5","action":"ProcessGetUpdates", "result":"Done", "context":{"dataType":"Sessions", "deleted":"132", "process_failed_to_decrypt":"0", "process_pending_decryption":"0", "process_success":"132", "total":"132"}}
{"logTime": "0608/153409", "correlationVector":"5xLDBDh+S1jPuEf7ac7XgJ.6","action":"ProcessGetUpdates", "result":"Done", "context":{"dataType":"Edge Hub App Usage", "deleted":"76", "process_failed_to_decrypt":"0", "process_pending_decryption":"0", "process_success":"104", "total":"104"}}
{"logTime": "0608/153409", "correlationVector":"5xLDBDh+S1jPuEf7ac7XgJ.7","action":"GetUpdates Response", "result":"Success", "context":Received 250 update(s). cV=5xLDBDh+S1jPuEf7ac7XgJ.0;server=akswtt00800001b;cloudType=Consumer;environment=Prod_southeastasia_prod-s01-064-apac-southeastasia;migrationStage=NotStarted Some updates remain.}
{"logTime": "0608/153409", "correlationVector":"JfzjFkyyCgeZajf7thFpR9","action":"Initial GetUpdates", "result":"", "context":Reason: NEWLY_SUPPORTED_DATATYPE. cV=JfzjFkyyCgeZajf7thFpR9}
{"logTime": "0608/153410", "correlationVector":"JfzjFkyyCgeZajf7thFpR9.1","action":"SyncServerConnectionManagerRequest", "result":"SYNC_SERVER_OK", "context":{"environment":"Prod_southeastasia_prod-s01-064-apac-southeastasia", "migrationStage":"NotStarted", "server":"akswtt008000025"}}
{"logTime": "0608/153410", "correlationVector":"JfzjFkyyCgeZajf7thFpR9.2","action":"ProcessGetUpdates", "result":"Done", "context":{"dataType":"Autofill Profiles", "deleted":"0", "process_failed_to_decrypt":"0", "process_pending_decryption":"0", "process_success":"1", "total":"1"}}
{"logTime": "0608/153410", "correlationVector":"JfzjFkyyCgeZajf7thFpR9.3","action":"ProcessGetUpdates", "result":"Done", "context":{"dataType":"Autofill", "deleted":"0", "process_failed_to_decrypt":"0", "process_pending_decryption":"0", "process_success":"8", "total":"8"}}
{"logTime": "0608/153410", "correlationVector":"JfzjFkyyCgeZajf7thFpR9.4","action":"ProcessGetUpdates", "result":"Done", "context":{"dataType":"Extensions", "deleted":"0", "process_failed_to_decrypt":"0", "process_pending_decryption":"0", "process_success":"1", "total":"1"}}
{"logTime": "0608/153410", "correlationVector":"JfzjFkyyCgeZajf7thFpR9.5","action":"ProcessGetUpdates", "result":"Done", "context":{"dataType":"Sessions", "deleted":"124", "process_failed_to_decrypt":"0", "process_pending_decryption":"0", "process_success":"124", "total":"124"}}
{"logTime": "0608/153410", "correlationVector":"JfzjFkyyCgeZajf7thFpR9.6","action":"ProcessGetUpdates", "result":"Done", "context":{"dataType":"History Delete Directives", "deleted":"0", "process_failed_to_decrypt":"0", "process_pending_decryption":"0", "process_success":"2", "total":"2"}}
{"logTime": "0608/153410", "correlationVector":"JfzjFkyyCgeZajf7thFpR9.7","action":"ProcessGetUpdates", "result":"Done", "context":{"dataType":"Edge Hub App Usage", "deleted":"70", "process_failed_to_decrypt":"0", "process_pending_decryption":"0", "process_success":"114", "total":"114"}}
{"logTime": "0608/153410", "correlationVector":"JfzjFkyyCgeZajf7thFpR9.8","action":"GetUpdates Response", "result":"Success", "context":Received 250 update(s). cV=JfzjFkyyCgeZajf7thFpR9.0;server=akswtt008000025;cloudType=Consumer;environment=Prod_southeastasia_prod-s01-064-apac-southeastasia;migrationStage=NotStarted Some updates remain.}
{"logTime": "0608/153410", "correlationVector":"XFSmfu7RE+SUjuIJx6f4sY","action":"Initial GetUpdates", "result":"", "context":Reason: NEWLY_SUPPORTED_DATATYPE. cV=XFSmfu7RE+SUjuIJx6f4sY}
{"logTime": "0608/153410", "correlationVector":"XFSmfu7RE+SUjuIJx6f4sY.1","action":"SyncServerConnectionManagerRequest", "result":"SYNC_SERVER_OK", "context":{"environment":"Prod_southeastasia_prod-s01-064-apac-southeastasia", "migrationStage":"NotStarted", "server":"akswtt008000042"}}
{"logTime": "0608/153410", "correlationVector":"XFSmfu7RE+SUjuIJx6f4sY.2","action":"ProcessGetUpdates", "result":"Done", "context":{"dataType":"Autofill Profiles", "deleted":"0", "process_failed_to_decrypt":"0", "process_pending_decryption":"0", "process_success":"2", "total":"2"}}
{"logTime": "0608/153410", "correlationVector":"XFSmfu7RE+SUjuIJx6f4sY.3","action":"ProcessGetUpdates", "result":"Done", "context":{"dataType":"Autofill", "deleted":"0", "process_failed_to_decrypt":"0", "process_pending_decryption":"0", "process_success":"3", "total":"3"}}
{"logTime": "0608/153410", "correlationVector":"XFSmfu7RE+SUjuIJx6f4sY.4","action":"ProcessGetUpdates", "result":"Done", "context":{"dataType":"Extensions", "deleted":"0", "process_failed_to_decrypt":"0", "process_pending_decryption":"0", "process_success":"3", "total":"3"}}
{"logTime": "0608/153410", "correlationVector":"XFSmfu7RE+SUjuIJx6f4sY.5","action":"ProcessGetUpdates", "result":"Done", "context":{"dataType":"Sessions", "deleted":"28", "process_failed_to_decrypt":"0", "process_pending_decryption":"0", "process_success":"29", "total":"29"}}
{"logTime": "0608/153410", "correlationVector":"XFSmfu7RE+SUjuIJx6f4sY.6","action":"ProcessGetUpdates", "result":"Done", "context":{"dataType":"Edge Hub App Usage", "deleted":"19", "process_failed_to_decrypt":"0", "process_pending_decryption":"0", "process_success":"24", "total":"24"}}
{"logTime": "0608/153410", "correlationVector":"XFSmfu7RE+SUjuIJx6f4sY.7","action":"GetUpdates Response", "result":"Success", "context":Received 61 update(s). cV=XFSmfu7RE+SUjuIJx6f4sY.0;server=akswtt008000042;cloudType=Consumer;environment=Prod_southeastasia_prod-s01-064-apac-southeastasia;migrationStage=NotStarted}
{"logTime": "0608/153410", "correlationVector":"acGDrlUkQkAgo9xvxBkM6z","action":"Initial GetUpdates", "result":"", "context":Reason: NEWLY_SUPPORTED_DATATYPE. cV=acGDrlUkQkAgo9xvxBkM6z}
{"logTime": "0608/153410", "correlationVector":"acGDrlUkQkAgo9xvxBkM6z.1","action":"SyncServerConnectionManagerRequest", "result":"SYNC_SERVER_OK", "context":{"environment":"Prod_southeastasia_prod-s01-064-apac-southeastasia", "migrationStage":"NotStarted", "server":"akswtt00800002t"}}
{"logTime": "0608/153410", "correlationVector":"acGDrlUkQkAgo9xvxBkM6z.2","action":"GetUpdates Response", "result":"Success", "context":Received 0 update(s). cV=acGDrlUkQkAgo9xvxBkM6z.0;server=akswtt00800002t;cloudType=Consumer;environment=Prod_southeastasia_prod-s01-064-apac-southeastasia;migrationStage=NotStarted}
{"logTime": "0608/153410", "correlationVector":"Ofa923nVOxFq12iB2scGfO","action":"Normal GetUpdate request", "result":"", "context":cV=Ofa923nVOxFq12iB2scGfO
Nudged types: Bookmarks, Preferences, Passwords, Sessions, Device Info, User Consents
Refresh requested types: Bookmarks, Preferences, Passwords, Autofill Profiles, Autofill, Extensions, Sessions, Extension settings, History Delete Directives, Device Info, User Consents, Send Tab To Self, Web Apps, History, Saved Tab Group, WebAuthn Credentials, Collection, Edge E Drop, Edge Hub App Usage, Edge Wallet, Encryption Keys}
{"logTime": "0608/153410", "correlationVector":"Ofa923nVOxFq12iB2scGfO.1","action":"SyncServerConnectionManagerRequest", "result":"SYNC_SERVER_OK", "context":{"environment":"Prod_southeastasia_prod-s01-064-apac-southeastasia", "migrationStage":"NotStarted", "server":"akswtt00800004r"}}
{"logTime": "0608/153410", "correlationVector":"Ofa923nVOxFq12iB2scGfO.2","action":"ProcessGetUpdates", "result":"Done", "context":{"dataType":"Preferences", "deleted":"0", "process_failed_to_decrypt":"0", "process_pending_decryption":"0", "process_success":"1", "total":"1"}}
{"logTime": "0608/153410", "correlationVector":"Ofa923nVOxFq12iB2scGfO.3","action":"ProcessGetUpdates", "result":"Done", "context":{"dataType":"Device Info", "deleted":"0", "process_failed_to_decrypt":"0", "process_pending_decryption":"0", "process_success":"1", "total":"1"}}
{"logTime": "0608/153410", "correlationVector":"Ofa923nVOxFq12iB2scGfO.4","action":"GetUpdates Response", "result":"Success", "context":Received 2 update(s). cV=Ofa923nVOxFq12iB2scGfO.0;server=akswtt00800004r;cloudType=Consumer;environment=Prod_southeastasia_prod-s01-064-apac-southeastasia;migrationStage=NotStarted}
{"logTime": "0608/153410", "correlationVector":"5qSUK/YZdV95Rlxi1zYGk0","action":"Commit Request", "result":"", "context":Item count: 40
Contributing types: Bookmarks, Passwords, Device Info}
{"logTime": "0608/153412", "correlationVector":"5qSUK/YZdV95Rlxi1zYGk0.1","action":"SyncServerConnectionManagerRequest", "result":"SYNC_SERVER_OK", "context":{"environment":"Prod_southeastasia_prod-s01-064-apac-southeastasia", "migrationStage":"NotStarted", "server":"akswtt008000042"}}
{"logTime": "0608/153412", "correlationVector":"5qSUK/YZdV95Rlxi1zYGk0.2","action":"Commit Response", "result":"Success", "context":Result: Success. cV=5qSUK/YZdV95Rlxi1zYGk0.0;server=akswtt008000042;cloudType=Consumer;environment=Prod_southeastasia_prod-s01-064-apac-southeastasia;migrationStage=NotStarted}
{"logTime": "0608/153412", "correlationVector":"fDoi/gEczLGcR/ZJwkz/lF","action":"Commit Request", "result":"", "context":Item count: 40
Contributing types: Bookmarks}
{"logTime": "0608/153412", "correlationVector":"fDoi/gEczLGcR/ZJwkz/lF","action":"SyncServerConnectionManagerRequest", "result":"CONNECTION_UNAVAILABLE", "context":{"error_type":"net_error_code", "error_value":"-3"}}
